<?xml version="1.0" encoding="UTF-8"?>
<testng-results ignored="0" total="5" passed="5" failed="0" skipped="0">
  <reporter-output>
  </reporter-output>
  <suite started-at="2020-02-05T10:48:29Z" name="AllTestsSuite" finished-at="2020-02-05T10:49:45Z" duration-ms="75377">
    <groups>
    </groups>
    <test started-at="2020-02-05T10:48:29Z" name="PC SHOP Selenium TestNG Test" finished-at="2020-02-05T10:49:45Z" duration-ms="75377">
      <class name="PcShopTests">
        <test-method is-config="true" signature="setupTest()[pri:0, instance:PcShopTests@8317c52]" started-at="2020-02-05T10:48:29Z" name="setupTest" finished-at="2020-02-05T10:48:36Z" duration-ms="6912" status="PASS">
          <reporter-output>
          </reporter-output>
        </test-method> <!-- setupTest -->
        <test-method signature="PcShopRegistrationTest()[pri:0, instance:PcShopTests@8317c52]" started-at="2020-02-05T10:48:36Z" name="PcShopRegistrationTest" finished-at="2020-02-05T10:48:42Z" duration-ms="5243" status="PASS">
          <reporter-output>
          </reporter-output>
        </test-method> <!-- PcShopRegistrationTest -->
        <test-method is-config="true" signature="teardownTest()[pri:0, instance:PcShopTests@8317c52]" started-at="2020-02-05T10:48:42Z" name="teardownTest" finished-at="2020-02-05T10:48:42Z" duration-ms="594" status="PASS">
          <reporter-output>
          </reporter-output>
        </test-method> <!-- teardownTest -->
        <test-method is-config="true" signature="setupTest()[pri:0, instance:PcShopTests@8317c52]" started-at="2020-02-05T10:48:42Z" name="setupTest" finished-at="2020-02-05T10:48:49Z" duration-ms="6729" status="PASS">
          <reporter-output>
          </reporter-output>
        </test-method> <!-- setupTest -->
        <test-method signature="PcShopAddToBasketDeleteTest()[pri:0, instance:PcShopTests@8317c52]" started-at="2020-02-05T10:48:49Z" name="PcShopAddToBasketDeleteTest" finished-at="2020-02-05T10:49:05Z" duration-ms="16133" status="PASS">
          <reporter-output>
          </reporter-output>
        </test-method> <!-- PcShopAddToBasketDeleteTest -->
        <test-method is-config="true" signature="teardownTest()[pri:0, instance:PcShopTests@8317c52]" started-at="2020-02-05T10:49:05Z" name="teardownTest" finished-at="2020-02-05T10:49:06Z" duration-ms="590" status="PASS">
          <reporter-output>
          </reporter-output>
        </test-method> <!-- teardownTest -->
        <test-method is-config="true" signature="setupTest()[pri:0, instance:PcShopTests@8317c52]" started-at="2020-02-05T10:49:06Z" name="setupTest" finished-at="2020-02-05T10:49:12Z" duration-ms="6634" status="PASS">
          <reporter-output>
          </reporter-output>
        </test-method> <!-- setupTest -->
        <test-method signature="PcShopPickCategoryTest()[pri:0, instance:PcShopTests@8317c52]" started-at="2020-02-05T10:49:12Z" name="PcShopPickCategoryTest" finished-at="2020-02-05T10:49:20Z" duration-ms="7393" status="PASS">
          <reporter-output>
          </reporter-output>
        </test-method> <!-- PcShopPickCategoryTest -->
        <test-method is-config="true" signature="teardownTest()[pri:0, instance:PcShopTests@8317c52]" started-at="2020-02-05T10:49:20Z" name="teardownTest" finished-at="2020-02-05T10:49:20Z" duration-ms="610" status="PASS">
          <reporter-output>
          </reporter-output>
        </test-method> <!-- teardownTest -->
        <test-method is-config="true" signature="setupTest()[pri:0, instance:PcShopTests@8317c52]" started-at="2020-02-05T10:49:20Z" name="setupTest" finished-at="2020-02-05T10:49:27Z" duration-ms="6549" status="PASS">
          <reporter-output>
          </reporter-output>
        </test-method> <!-- setupTest -->
        <test-method signature="PcShopSearchTest()[pri:0, instance:PcShopTests@8317c52]" started-at="2020-02-05T10:49:27Z" name="PcShopSearchTest" finished-at="2020-02-05T10:49:33Z" duration-ms="6308" status="PASS">
          <reporter-output>
          </reporter-output>
        </test-method> <!-- PcShopSearchTest -->
        <test-method is-config="true" signature="teardownTest()[pri:0, instance:PcShopTests@8317c52]" started-at="2020-02-05T10:49:33Z" name="teardownTest" finished-at="2020-02-05T10:49:34Z" duration-ms="749" status="PASS">
          <reporter-output>
          </reporter-output>
        </test-method> <!-- teardownTest -->
        <test-method is-config="true" signature="setupTest()[pri:0, instance:PcShopTests@8317c52]" started-at="2020-02-05T10:49:34Z" name="setupTest" finished-at="2020-02-05T10:49:40Z" duration-ms="6461" status="PASS">
          <reporter-output>
          </reporter-output>
        </test-method> <!-- setupTest -->
        <test-method signature="PcShopLoginTest()[pri:0, instance:PcShopTests@8317c52]" started-at="2020-02-05T10:49:40Z" name="PcShopLoginTest" finished-at="2020-02-05T10:49:44Z" depends-on-methods="PcShopTests.PcShopRegistrationTest" duration-ms="3814" status="PASS">
          <reporter-output>
          </reporter-output>
        </test-method> <!-- PcShopLoginTest -->
        <test-method is-config="true" signature="teardownTest()[pri:0, instance:PcShopTests@8317c52]" started-at="2020-02-05T10:49:44Z" name="teardownTest" finished-at="2020-02-05T10:49:45Z" duration-ms="646" status="PASS">
          <reporter-output>
          </reporter-output>
        </test-method> <!-- teardownTest -->
      </class> <!-- PcShopTests -->
    </test> <!-- PC SHOP Selenium TestNG Test -->
  </suite> <!-- AllTestsSuite -->
</testng-results>
