<?xml version="1.0" encoding="UTF-8"?>
<!-- Generated by org.testng.reporters.JUnitXMLReporter -->
<testsuite ignored="0" hostname="DESKTOP-B16PH8T" failures="0" tests="5" name="PC SHOP Selenium TestNG Test" time="75.377" errors="0" timestamp="05 velj 2020 10:49:45 GMT">
  <testcase classname="PcShopTests" name="PcShopRegistrationTest" time="5.243"/>
  <testcase classname="PcShopTests" name="PcShopAddToBasketDeleteTest" time="16.133"/>
  <testcase classname="PcShopTests" name="PcShopPickCategoryTest" time="7.393"/>
  <testcase classname="PcShopTests" name="PcShopSearchTest" time="6.308"/>
  <testcase classname="PcShopTests" name="PcShopLoginTest" time="3.814"/>
</testsuite> <!-- PC SHOP Selenium TestNG Test -->
